<?xml version="1.0" encoding="utf-8"?><testsuites name="pytest tests"><testsuite name="pytest" errors="0" failures="0" skipped="0" tests="13" time="3.844" timestamp="2026-04-15T20:13:37.385767+00:00" hostname="agent-env-8c5c4039-830a-41a7-ae33-baae5b337d75"><testcase classname="backend.tests.test_auth_v2.TestHealthCheck" name="test_api_root_returns_200" time="0.216" /><testcase classname="backend.tests.test_auth_v2.TestRegistrationAssignsAdminRole" name="test_register_new_user_gets_admin_role" time="0.364" /><testcase classname="backend.tests.test_auth_v2.TestRegistrationAssignsAdminRole" name="test_register_duplicate_email_fails" time="0.382" /><testcase classname="backend.tests.test_auth_v2.TestAdminLogin" name="test_admin_login_success" time="0.350" /><testcase classname="backend.tests.test_auth_v2.TestAdminLogin" name="test_auth_me_returns_admin_user" time="0.382" /><testcase classname="backend.tests.test_auth_v2.TestStaffLogin" name="test_staff_login_success" time="0.301" /><testcase classname="backend.tests.test_auth_v2.TestStaffLogin" name="test_auth_me_returns_staff_user" time="0.364" /><testcase classname="backend.tests.test_auth_v2.TestLogout" name="test_logout_clears_session" time="0.470" /><testcase classname="backend.tests.test_auth_v2.TestProtectedRoutes" name="test_auth_me_without_login_returns_401" time="0.249" /><testcase classname="backend.tests.test_auth_v2.TestTokenRefresh" name="test_refresh_token_works" time="0.418" /><testcase classname="backend.tests.test_auth_v2.TestInputValidation" name="test_login_missing_email" time="0.076" /><testcase classname="backend.tests.test_auth_v2.TestInputValidation" name="test_login_missing_password" time="0.057" /><testcase classname="backend.tests.test_auth_v2.TestInputValidation" name="test_register_missing_name" time="0.058" /></testsuite></testsuites>