<?xml version="1.0" encoding="utf-8"?><testsuites name="pytest tests"><testsuite name="pytest" errors="0" failures="0" skipped="0" tests="15" time="4.016" timestamp="2026-04-15T18:54:59.459110+00:00" hostname="agent-env-8c5c4039-830a-41a7-ae33-baae5b337d75"><testcase classname="backend.tests.test_auth.TestHealthCheck" name="test_api_root_returns_200" time="0.236" /><testcase classname="backend.tests.test_auth.TestAdminLogin" name="test_admin_login_success" time="0.440" /><testcase classname="backend.tests.test_auth.TestAdminLogin" name="test_auth_me_returns_user_after_login" time="0.416" /><testcase classname="backend.tests.test_auth.TestAdminLogin" name="test_login_invalid_email" time="0.079" /><testcase classname="backend.tests.test_auth.TestAdminLogin" name="test_login_invalid_password" time="0.309" /><testcase classname="backend.tests.test_auth.TestUserRegistration" name="test_register_new_user" time="0.317" /><testcase classname="backend.tests.test_auth.TestUserRegistration" name="test_register_duplicate_email_fails" time="0.159" /><testcase classname="backend.tests.test_auth.TestLogout" name="test_logout_clears_session" time="0.655" /><testcase classname="backend.tests.test_auth.TestProtectedRoutes" name="test_auth_me_without_login_returns_401" time="0.193" /><testcase classname="backend.tests.test_auth.TestTokenRefresh" name="test_refresh_token_works" time="0.405" /><testcase classname="backend.tests.test_auth.TestTokenRefresh" name="test_refresh_without_token_fails" time="0.168" /><testcase classname="backend.tests.test_auth.TestBruteForceProtection" name="test_brute_force_records_failed_attempts" time="0.224" /><testcase classname="backend.tests.test_auth.TestInputValidation" name="test_login_missing_email" time="0.083" /><testcase classname="backend.tests.test_auth.TestInputValidation" name="test_login_missing_password" time="0.082" /><testcase classname="backend.tests.test_auth.TestInputValidation" name="test_register_missing_name" time="0.077" /></testsuite></testsuites>